<?xml version="1.0" encoding="UTF-8"?>
<!-- Generated by org.testng.reporters.JUnitXMLReporter -->
<testsuite ignored="0" hostname="DESKTOP-3HV04S5" failures="2" tests="2" name="Test" time="5.999" errors="0" timestamp="2025-02-13T00:43:53 IST">
  <testcase classname="TestScripts.WebTable" name="testWebTable" time="1.984">
    <failure type="java.lang.AssertionError" message="test Failed expected [makeMYTrip] but found [MakeMyTrip - #1 Travel Website 50% OFF on Hotels, Flights &amp;amp; Holiday]">
      <![CDATA[java.lang.AssertionError: test Failed expected [makeMYTrip] but found [MakeMyTrip - #1 Travel Website 50% OFF on Hotels, Flights & Holiday]
at TestScripts.WebTable.testWebTable(WebTable.java:27)
at java.base/java.util.ArrayList.forEach(ArrayList.java:1511)
... Removed 32 stack frames]]>
    </failure>
  </testcase> <!-- testWebTable -->
  <testcase classname="TestScripts.WebTable" name="testWebTable" time="5.977">
    <failure type="java.lang.NullPointerException" message="Cannot invoke &amp;quot;org.openqa.selenium.TakesScreenshot.getScreenshotAs(org.openqa.selenium.OutputType)&amp;quot; because &amp;quot;this.driver&amp;quot; is null">
      <![CDATA[java.lang.NullPointerException: Cannot invoke "org.openqa.selenium.TakesScreenshot.getScreenshotAs(org.openqa.selenium.OutputType)" because "this.driver" is null
at TestComponents.BaseTest.getScreenshot(BaseTest.java:59)
at TestComponents.Listeners.onTestFailure(Listeners.java:41)
at java.base/java.util.ArrayList.forEach(ArrayList.java:1511)
... Removed 24 stack frames]]>
    </failure>
  </testcase> <!-- testWebTable -->
</testsuite> <!-- Test -->
